<?xml version="1.0" encoding="UTF-8"?>
<!-- Generated by org.testng.reporters.JUnitReportReporter -->
<testsuite hostname="Kamils-Mac-mini.local" failures="0" tests="1" name="mainTests.LaptopBooking" time="31.293" errors="0" timestamp="21 Aug 2020 16:50:42 GMT" skipped="0">
  <testcase classname="mainTests.LaptopBooking" name="checkLaptopBookingProcess" time="31.293"/>
</testsuite> <!-- mainTests.LaptopBooking -->
