<?xml version="1.0" encoding="UTF-8"?>
<!-- Generated by org.testng.reporters.JUnitReportReporter -->
<testsuite hostname="Kamils-Mac-mini" failures="0" tests="1" name="mainTests.checkBookingPage" time="100.934" errors="0" timestamp="21 Aug 2020 12:12:34 GMT" skipped="0">
  <testcase classname="mainTests.checkBookingPage" name="basePageNavigation" time="100.934"/>
</testsuite> <!-- mainTests.checkBookingPage -->
