<?xml version="1.0" encoding="UTF-8"?>
<!-- Generated by org.testng.reporters.JUnitReportReporter -->
<testsuite hostname="Kamils-Mac-mini" failures="0" tests="1" name="mainTests.SamsungCheck" time="115.521" errors="0" timestamp="30 Aug 2020 16:30:05 GMT" skipped="0">
  <testcase classname="mainTests.SamsungCheck" name="iPhoneCheckBookingProcess" time="115.521"/>
</testsuite> <!-- mainTests.SamsungCheck -->
