<?xml version="1.0" encoding="UTF-8"?>
<!-- Generated by org.testng.reporters.JUnitReportReporter -->
<testsuite hostname="Kamils-Mac-mini" failures="0" tests="1" name="mainTests.allPhonesBooking" time="130.699" errors="0" timestamp="21 Aug 2020 12:59:25 GMT" skipped="0">
  <testcase classname="mainTests.allPhonesBooking" name="checkPhoneBookingPage" time="130.699"/>
</testsuite> <!-- mainTests.allPhonesBooking -->
