<?xml version="1.0" encoding="UTF-8"?>
<!-- Generated by org.testng.reporters.JUnitReportReporter -->
<testsuite hostname="Kamils-Mac-mini" failures="0" tests="1" name="mainTests.methodExecutionTest" time="9.245" errors="0" timestamp="21 Aug 2020 09:47:13 GMT" skipped="0">
  <testcase classname="mainTests.methodExecutionTest" name="basePageNavigation" time="9.245"/>
</testsuite> <!-- mainTests.methodExecutionTest -->
