<?xml version="1.0" encoding="UTF-8"?>
<!-- Generated by org.testng.reporters.JUnitReportReporter -->
<testsuite hostname="Kamils-Mac-mini" failures="0" tests="1" name="mainTests.LaptopBooking" time="23.295" errors="0" timestamp="15 Sep 2020 11:09:49 GMT" skipped="0">
  <testcase classname="mainTests.LaptopBooking" name="checkLaptopBookingProcess" time="23.295"/>
</testsuite> <!-- mainTests.LaptopBooking -->
