<?xml version="1.0" encoding="UTF-8"?>
<!-- Generated by org.testng.reporters.JUnitReportReporter -->
<testsuite hostname="Kamils-Mac-mini" failures="0" tests="1" name="mainTests.checkPictures" time="99.798" errors="0" timestamp="08 Aug 2020 21:27:15 GMT" skipped="0">
  <testcase classname="mainTests.checkPictures" name="basePageNavigation" time="99.798"/>
</testsuite> <!-- mainTests.checkPictures -->
