<?xml version="1.0" encoding="UTF-8"?>
<!-- Generated by org.testng.reporters.JUnitReportReporter -->
<testsuite hostname="Kamils-Mac-mini" failures="0" tests="1" name="mainTests.addItemToBasketTest" time="12.926" errors="0" timestamp="07 May 2020 10:44:42 GMT" skipped="0">
  <testcase classname="mainTests.addItemToBasketTest" name="basePageNavigation" time="12.926"/>
</testsuite> <!-- mainTests.addItemToBasketTest -->
