<?xml version="1.0" encoding="UTF-8"?>
<!-- Generated by org.testng.reporters.JUnitReportReporter -->
<testsuite hostname="Kamils-Mac-mini" failures="0" tests="1" name="mainTests.sampleTest" time="11.189" errors="0" timestamp="14 Sep 2020 21:18:38 GMT" skipped="0">
  <testcase classname="mainTests.sampleTest" name="calendarCheck" time="11.189"/>
</testsuite> <!-- mainTests.sampleTest -->
