<?xml version="1.0" encoding="UTF-8"?>
<!-- Generated by org.testng.reporters.JUnitReportReporter -->
<testsuite hostname="Kamils-Mac-mini" failures="0" tests="1" name="mainTests.HuaweiTest" time="76.402" errors="0" timestamp="30 Aug 2020 16:35:56 GMT" skipped="0">
  <testcase classname="mainTests.HuaweiTest" name="HuaweiheckBookingProcess" time="76.402"/>
</testsuite> <!-- mainTests.HuaweiTest -->
