<?xml version="1.0" encoding="UTF-8"?>
<!-- Generated by org.testng.reporters.JUnitReportReporter -->
<testsuite hostname="Kamils-Mac-mini" failures="0" tests="1" name="mainTests.loginTest" time="7.449" errors="0" timestamp="07 May 2020 10:44:56 GMT" skipped="0">
  <testcase classname="mainTests.loginTest" name="basePageNavigation" time="7.449"/>
</testsuite> <!-- mainTests.loginTest -->
