<?xml version="1.0" encoding="UTF-8"?>
<!-- Generated by org.testng.reporters.JUnitReportReporter -->
<testsuite hostname="Kamils-Mac-mini" failures="0" tests="1" name="mainTests.calendar" time="36.546" errors="0" timestamp="31 Aug 2020 16:42:10 GMT" skipped="0">
  <testcase classname="mainTests.calendar" name="basePageNavigation" time="36.546"/>
</testsuite> <!-- mainTests.calendar -->
