<?xml version="1.0" encoding="UTF-8"?>
<!-- Generated by org.testng.reporters.JUnitReportReporter -->
<testsuite hostname="Kamils-Mac-mini" failures="0" tests="1" name="mainTests.GoogleBooking" time="79.568" errors="0" timestamp="30 Aug 2020 17:19:06 GMT" skipped="0">
  <testcase classname="mainTests.GoogleBooking" name="GoogleiheckBookingProcess" time="79.568"/>
</testsuite> <!-- mainTests.GoogleBooking -->
