<?xml version="1.0" encoding="UTF-8"?>
<!-- Generated by org.testng.reporters.JUnitReportReporter -->
<testsuite hostname="Kamils-Mac-mini" failures="0" tests="1" name="mainTests.calendar" time="11.323" errors="0" timestamp="08 Aug 2020 15:58:05 GMT" skipped="0">
  <testcase classname="mainTests.calendar" name="basePageNavigation" time="11.323"/>
</testsuite> <!-- mainTests.calendar -->
