<?xml version="1.0" encoding="UTF-8"?>
<!-- Generated by org.testng.reporters.JUnitReportReporter -->
<testsuite hostname="Kamils-Mac-mini" failures="0" tests="1" name="SeleniumAcademy.addItemToBasketTest" time="11.210" errors="0" timestamp="06 May 2020 23:17:23 GMT" skipped="0">
  <testcase classname="SeleniumAcademy.addItemToBasketTest" name="basePageNavigation" time="11.210"/>
</testsuite> <!-- SeleniumAcademy.addItemToBasketTest -->
