<?xml version="1.0" encoding="UTF-8"?>
<!-- Generated by org.testng.reporters.JUnitReportReporter -->
<testsuite hostname="Kamils-Mac-mini" failures="0" tests="1" name="mainTests.GadgetsBooking" time="20.996" errors="0" timestamp="14 Sep 2020 20:15:31 GMT" skipped="0">
  <testcase classname="mainTests.GadgetsBooking" name="checkGadgetsBookingProcess" time="20.996"/>
</testsuite> <!-- mainTests.GadgetsBooking -->
