<?xml version="1.0" encoding="UTF-8"?>
<!-- Generated by org.testng.reporters.JUnitReportReporter -->
<testsuite hostname="Kamils-Mac-mini" failures="0" tests="1" name="mainTests.checkPictures" time="103.110" errors="0" timestamp="15 Sep 2020 13:09:12 GMT" skipped="0">
  <testcase classname="mainTests.checkPictures" name="basePageNavigation" time="103.110"/>
</testsuite> <!-- mainTests.checkPictures -->
