<?xml version="1.0" encoding="UTF-8"?>
<!-- Generated by org.testng.reporters.JUnitReportReporter -->
<testsuite hostname="Kamils-Mac-mini" failures="0" tests="1" name="mainTests.LaptopBooking" time="21.354" errors="0" timestamp="14 Sep 2020 20:00:55 GMT" skipped="0">
  <testcase classname="mainTests.LaptopBooking" name="checkLaptopBookingProcess" time="21.354"/>
</testsuite> <!-- mainTests.LaptopBooking -->
