<?xml version="1.0" encoding="UTF-8"?>
<!-- Generated by org.testng.reporters.JUnitReportReporter -->
<testsuite hostname="Kamils-Mac-mini" failures="0" tests="1" name="mainTests.checkPictures" time="98.952" errors="0" timestamp="14 Aug 2020 18:14:14 GMT" skipped="0">
  <testcase classname="mainTests.checkPictures" name="basePageNavigation" time="98.952"/>
</testsuite> <!-- mainTests.checkPictures -->
