<?xml version="1.0" encoding="UTF-8"?>
<!-- Generated by org.testng.reporters.JUnitReportReporter -->
<testsuite hostname="Kamils-Mac-mini" failures="0" tests="1" name="mainTests.OtherPhoneBooking" time="12.346" errors="0" timestamp="30 Aug 2020 17:15:25 GMT" skipped="0">
  <testcase classname="mainTests.OtherPhoneBooking" name="GoogleiheckBookingProcess" time="12.346"/>
</testsuite> <!-- mainTests.OtherPhoneBooking -->
