<?xml version="1.0" encoding="UTF-8"?>
<!-- Generated by org.testng.reporters.JUnitReportReporter -->
<testsuite hostname="Kamils-Mac-mini" failures="0" tests="1" name="mainTests.GadgetsBooking" time="26.245" errors="0" timestamp="28 Aug 2020 19:39:39 GMT" skipped="0">
  <testcase classname="mainTests.GadgetsBooking" name="checkGadgetsBookingProcess" time="26.245"/>
</testsuite> <!-- mainTests.GadgetsBooking -->
