<?xml version="1.0" encoding="UTF-8"?>
<!-- Generated by org.testng.reporters.JUnitReportReporter -->
<testsuite hostname="Kamils-Mac-mini" failures="0" tests="1" name="mainTests.iPadBooking" time="75.182" errors="0" timestamp="21 Sep 2020 21:37:34 GMT" skipped="0">
  <testcase classname="mainTests.iPadBooking" name="checkiPadBookingPage" time="75.182"/>
</testsuite> <!-- mainTests.iPadBooking -->
