<?xml version="1.0" encoding="UTF-8"?>
<!-- Generated by org.testng.reporters.JUnitReportReporter -->
<testsuite hostname="Kamils-Mac-mini" failures="0" tests="1" name="mainTests.sampleTest" time="3.646" errors="0" timestamp="15 Sep 2020 01:25:08 GMT" skipped="0">
  <testcase classname="mainTests.sampleTest" name="calendarCheck" time="3.646"/>
</testsuite> <!-- mainTests.sampleTest -->
