<?xml version="1.0" encoding="UTF-8"?>
<!-- Generated by org.testng.reporters.JUnitReportReporter -->
<testsuite hostname="Kamils-Mac-mini" failures="0" tests="1" name="SeleniumAcademy.sampleTest" time="8.782" errors="0" timestamp="03 May 2020 18:31:06 GMT" skipped="0">
  <testcase classname="SeleniumAcademy.sampleTest" name="basePageNavigation" time="8.782"/>
</testsuite> <!-- SeleniumAcademy.sampleTest -->
