<?xml version="1.0" encoding="UTF-8"?>
<!-- Generated by org.testng.reporters.JUnitReportReporter -->
<testsuite hostname="Kamils-Mac-mini" failures="0" tests="1" name="mainTests.urlTesterLandingPage" time="18.904" errors="0" timestamp="15 Sep 2020 13:20:37 GMT" skipped="0">
  <testcase classname="mainTests.urlTesterLandingPage" name="calendarCheck" time="18.904"/>
</testsuite> <!-- mainTests.urlTesterLandingPage -->
