<?xml version="1.0" encoding="UTF-8"?>
<!-- Generated by org.testng.reporters.JUnitReportReporter -->
<testsuite hostname="Kamils-Mac-mini" failures="0" tests="1" name="mainTests.checkPictures" time="10.524" errors="0" timestamp="08 Aug 2020 14:00:11 GMT" skipped="0">
  <testcase classname="mainTests.checkPictures" name="basePageNavigation" time="10.524"/>
</testsuite> <!-- mainTests.checkPictures -->
