<?xml version="1.0" encoding="UTF-8"?>
<!-- Generated by org.testng.reporters.JUnitReportReporter -->
<testsuite hostname="Kamils-Mac-mini" failures="0" tests="1" name="mainTests.LaptopBooking" time="26.713" errors="0" timestamp="27 Aug 2020 16:07:13 GMT" skipped="0">
  <testcase classname="mainTests.LaptopBooking" name="checkLaptopBookingProcess" time="26.713"/>
</testsuite> <!-- mainTests.LaptopBooking -->
