<?xml version="1.0" encoding="UTF-8"?>
<!-- Generated by org.testng.reporters.JUnitReportReporter -->
<testsuite hostname="Kamils-Mac-mini" failures="0" tests="1" name="mainTests.checkPictures" time="93.272" errors="0" timestamp="14 Sep 2020 20:03:15 GMT" skipped="0">
  <testcase classname="mainTests.checkPictures" name="basePageNavigation" time="93.272"/>
</testsuite> <!-- mainTests.checkPictures -->
