<?xml version="1.0" encoding="UTF-8"?>
<!-- Generated by org.testng.reporters.JUnitReportReporter -->
<testsuite hostname="Kamils-Mac-mini" failures="0" tests="1" name="SeleniumAcademy.loginTest" time="13.605" errors="0" timestamp="06 May 2020 22:53:16 GMT" skipped="0">
  <testcase classname="SeleniumAcademy.loginTest" name="basePageNavigation" time="13.605"/>
</testsuite> <!-- SeleniumAcademy.loginTest -->
